c:\users\oijuh.kuhjb225513\desktop\c++\gameengine\spaceshooter\release\vc140.pdb
c:\users\oijuh.kuhjb225513\desktop\c++\gameengine\spaceshooter\release\ufo.obj
c:\users\oijuh.kuhjb225513\desktop\c++\gameengine\spaceshooter\release\spaceship.obj
c:\users\oijuh.kuhjb225513\desktop\c++\gameengine\spaceshooter\release\player.obj
c:\users\oijuh.kuhjb225513\desktop\c++\gameengine\spaceshooter\release\maingame.obj
c:\users\oijuh.kuhjb225513\desktop\c++\gameengine\spaceshooter\release\main.obj
c:\users\oijuh.kuhjb225513\desktop\c++\gameengine\spaceshooter\release\level.obj
c:\users\oijuh.kuhjb225513\desktop\c++\gameengine\spaceshooter\release\gun.obj
c:\users\oijuh.kuhjb225513\desktop\c++\gameengine\spaceshooter\release\bullet.obj
c:\users\oijuh.kuhjb225513\desktop\c++\gameengine\spaceshooter\release\agent.obj
c:\users\oijuh.kuhjb225513\desktop\c++\gameengine\release\spaceshooter.exe
c:\users\oijuh.kuhjb225513\desktop\c++\gameengine\release\spaceshooter.ipdb
c:\users\oijuh.kuhjb225513\desktop\c++\gameengine\release\spaceshooter.iobj
c:\users\oijuh.kuhjb225513\desktop\c++\gameengine\release\spaceshooter.pdb
g:\portfolio\gameengine\spaceshooter\release\agent.obj
g:\portfolio\gameengine\spaceshooter\release\bullet.obj
g:\portfolio\gameengine\spaceshooter\release\gun.obj
g:\portfolio\gameengine\spaceshooter\release\level.obj
g:\portfolio\gameengine\spaceshooter\release\main.obj
g:\portfolio\gameengine\spaceshooter\release\maingame.obj
g:\portfolio\gameengine\spaceshooter\release\player.obj
g:\portfolio\gameengine\spaceshooter\release\spaceship.obj
g:\portfolio\gameengine\spaceshooter\release\ufo.obj
g:\portfolio\gameengine\spaceshooter\release\vc140.pdb
g:\portfolio\gameengine\release\spaceshooter.pdb
g:\portfolio\gameengine\release\spaceshooter.exe
g:\portfolio\gameengine\spaceshooter\release\spaceshooter.tlog\cl.command.1.tlog
g:\portfolio\gameengine\spaceshooter\release\spaceshooter.tlog\cl.read.1.tlog
g:\portfolio\gameengine\spaceshooter\release\spaceshooter.tlog\cl.write.1.tlog
g:\portfolio\gameengine\spaceshooter\release\spaceshooter.tlog\link.command.1.tlog
g:\portfolio\gameengine\spaceshooter\release\spaceshooter.tlog\link.read.1.tlog
g:\portfolio\gameengine\spaceshooter\release\spaceshooter.tlog\link.write.1.tlog
