c:\users\oijuh.kuhjb225513\desktop\c++\gameengine\zombies\release\vc140.pdb
c:\users\oijuh.kuhjb225513\desktop\c++\gameengine\zombies\release\ufo.obj
c:\users\oijuh.kuhjb225513\desktop\c++\gameengine\zombies\release\spaceship.obj
c:\users\oijuh.kuhjb225513\desktop\c++\gameengine\zombies\release\player.obj
c:\users\oijuh.kuhjb225513\desktop\c++\gameengine\zombies\release\maingame.obj
c:\users\oijuh.kuhjb225513\desktop\c++\gameengine\zombies\release\main.obj
c:\users\oijuh.kuhjb225513\desktop\c++\gameengine\zombies\release\level.obj
c:\users\oijuh.kuhjb225513\desktop\c++\gameengine\zombies\release\gun.obj
c:\users\oijuh.kuhjb225513\desktop\c++\gameengine\zombies\release\bullet.obj
c:\users\oijuh.kuhjb225513\desktop\c++\gameengine\zombies\release\agent.obj
c:\users\oijuh.kuhjb225513\desktop\c++\gameengine\release\zombies.exe
c:\users\oijuh.kuhjb225513\desktop\c++\gameengine\release\zombies.ipdb
c:\users\oijuh.kuhjb225513\desktop\c++\gameengine\release\zombies.iobj
c:\users\oijuh.kuhjb225513\desktop\c++\gameengine\release\zombies.pdb
c:\users\oijuh.kuhjb225513\desktop\c++\gameengine\zombies\release\zombies.tlog\cl.command.1.tlog
c:\users\oijuh.kuhjb225513\desktop\c++\gameengine\zombies\release\zombies.tlog\cl.read.1.tlog
c:\users\oijuh.kuhjb225513\desktop\c++\gameengine\zombies\release\zombies.tlog\cl.write.1.tlog
c:\users\oijuh.kuhjb225513\desktop\c++\gameengine\zombies\release\zombies.tlog\link.command.1.tlog
c:\users\oijuh.kuhjb225513\desktop\c++\gameengine\zombies\release\zombies.tlog\link.read.1.tlog
c:\users\oijuh.kuhjb225513\desktop\c++\gameengine\zombies\release\zombies.tlog\link.write.1.tlog
