c:\users\oijuh.kuhjb225513\desktop\c++\gameengine\zombies\debug\vc140.pdb
c:\users\oijuh.kuhjb225513\desktop\c++\gameengine\zombies\debug\vc140.idb
c:\users\oijuh.kuhjb225513\desktop\c++\gameengine\zombies\debug\agent.obj
c:\users\oijuh.kuhjb225513\desktop\c++\gameengine\zombies\debug\bullet.obj
c:\users\oijuh.kuhjb225513\desktop\c++\gameengine\zombies\debug\gun.obj
c:\users\oijuh.kuhjb225513\desktop\c++\gameengine\zombies\debug\human.obj
c:\users\oijuh.kuhjb225513\desktop\c++\gameengine\zombies\debug\level.obj
c:\users\oijuh.kuhjb225513\desktop\c++\gameengine\zombies\debug\main.obj
c:\users\oijuh.kuhjb225513\desktop\c++\gameengine\zombies\debug\maingame.obj
c:\users\oijuh.kuhjb225513\desktop\c++\gameengine\zombies\debug\player.obj
c:\users\oijuh.kuhjb225513\desktop\c++\gameengine\zombies\debug\zombie.obj
c:\users\oijuh.kuhjb225513\desktop\c++\gameengine\debug\zombies.ilk
c:\users\oijuh.kuhjb225513\desktop\c++\gameengine\debug\zombies.exe
c:\users\oijuh.kuhjb225513\desktop\c++\gameengine\debug\zombies.pdb
c:\users\oijuh.kuhjb225513\desktop\c++\gameengine\zombies\debug\zombies.tlog\cl.command.1.tlog
c:\users\oijuh.kuhjb225513\desktop\c++\gameengine\zombies\debug\zombies.tlog\cl.read.1.tlog
c:\users\oijuh.kuhjb225513\desktop\c++\gameengine\zombies\debug\zombies.tlog\cl.write.1.tlog
c:\users\oijuh.kuhjb225513\desktop\c++\gameengine\zombies\debug\zombies.tlog\link.command.1.tlog
c:\users\oijuh.kuhjb225513\desktop\c++\gameengine\zombies\debug\zombies.tlog\link.read.1.tlog
c:\users\oijuh.kuhjb225513\desktop\c++\gameengine\zombies\debug\zombies.tlog\link.write.1.tlog
