c:\users\oijuh.kuhjb225513\desktop\c++\gameengine\gameengine\release\gameengine.pdb
c:\users\oijuh.kuhjb225513\desktop\c++\gameengine\gameengine\release\window.obj
c:\users\oijuh.kuhjb225513\desktop\c++\gameengine\gameengine\release\timer.obj
c:\users\oijuh.kuhjb225513\desktop\c++\gameengine\gameengine\release\texturecache.obj
c:\users\oijuh.kuhjb225513\desktop\c++\gameengine\gameengine\release\spritebatch.obj
c:\users\oijuh.kuhjb225513\desktop\c++\gameengine\gameengine\release\sprite.obj
c:\users\oijuh.kuhjb225513\desktop\c++\gameengine\gameengine\release\resourcemanager.obj
c:\users\oijuh.kuhjb225513\desktop\c++\gameengine\gameengine\release\picopng.obj
c:\users\oijuh.kuhjb225513\desktop\c++\gameengine\gameengine\release\iomanager.obj
c:\users\oijuh.kuhjb225513\desktop\c++\gameengine\gameengine\release\inputmanager.obj
c:\users\oijuh.kuhjb225513\desktop\c++\gameengine\gameengine\release\imageloader.obj
c:\users\oijuh.kuhjb225513\desktop\c++\gameengine\gameengine\release\glslprogram.obj
c:\users\oijuh.kuhjb225513\desktop\c++\gameengine\gameengine\release\gameengine.obj
c:\users\oijuh.kuhjb225513\desktop\c++\gameengine\gameengine\release\errormessage.obj
c:\users\oijuh.kuhjb225513\desktop\c++\gameengine\gameengine\release\camera2d.obj
c:\users\oijuh.kuhjb225513\desktop\c++\gameengine\release\gameengine.lib
c:\users\oijuh.kuhjb225513\desktop\c++\gameengine\gameengine\release\gameengine.tlog\cl.command.1.tlog
c:\users\oijuh.kuhjb225513\desktop\c++\gameengine\gameengine\release\gameengine.tlog\cl.read.1.tlog
c:\users\oijuh.kuhjb225513\desktop\c++\gameengine\gameengine\release\gameengine.tlog\cl.write.1.tlog
c:\users\oijuh.kuhjb225513\desktop\c++\gameengine\gameengine\release\gameengine.tlog\lib-link.read.1.tlog
c:\users\oijuh.kuhjb225513\desktop\c++\gameengine\gameengine\release\gameengine.tlog\lib-link.write.1.tlog
c:\users\oijuh.kuhjb225513\desktop\c++\gameengine\gameengine\release\gameengine.tlog\lib.command.1.tlog
