c:\users\oijuh.kuhjb225513\desktop\c++\gameengine\gameengine\x64\debug\gameengine.pdb
c:\users\oijuh.kuhjb225513\desktop\c++\gameengine\gameengine\x64\debug\gameengine.idb
c:\users\oijuh.kuhjb225513\desktop\c++\gameengine\gameengine\x64\debug\camera2d.obj
c:\users\oijuh.kuhjb225513\desktop\c++\gameengine\gameengine\x64\debug\errormessage.obj
c:\users\oijuh.kuhjb225513\desktop\c++\gameengine\gameengine\x64\debug\gameengine.obj
c:\users\oijuh.kuhjb225513\desktop\c++\gameengine\gameengine\x64\debug\glslprogram.obj
c:\users\oijuh.kuhjb225513\desktop\c++\gameengine\gameengine\x64\debug\imageloader.obj
c:\users\oijuh.kuhjb225513\desktop\c++\gameengine\gameengine\x64\debug\inputmanager.obj
c:\users\oijuh.kuhjb225513\desktop\c++\gameengine\gameengine\x64\debug\iomanager.obj
c:\users\oijuh.kuhjb225513\desktop\c++\gameengine\gameengine\x64\debug\picopng.obj
c:\users\oijuh.kuhjb225513\desktop\c++\gameengine\gameengine\x64\debug\resourcemanager.obj
c:\users\oijuh.kuhjb225513\desktop\c++\gameengine\gameengine\x64\debug\sprite.obj
c:\users\oijuh.kuhjb225513\desktop\c++\gameengine\gameengine\x64\debug\spritebatch.obj
c:\users\oijuh.kuhjb225513\desktop\c++\gameengine\gameengine\x64\debug\texturecache.obj
c:\users\oijuh.kuhjb225513\desktop\c++\gameengine\gameengine\x64\debug\timer.obj
c:\users\oijuh.kuhjb225513\desktop\c++\gameengine\gameengine\x64\debug\window.obj
c:\users\oijuh.kuhjb225513\desktop\c++\gameengine\x64\debug\gameengine.lib
c:\users\oijuh.kuhjb225513\desktop\c++\gameengine\x64\debug\gameengine.pdb
c:\users\oijuh.kuhjb225513\desktop\c++\gameengine\gameengine\x64\debug\gameengine.tlog\cl.command.1.tlog
c:\users\oijuh.kuhjb225513\desktop\c++\gameengine\gameengine\x64\debug\gameengine.tlog\cl.read.1.tlog
c:\users\oijuh.kuhjb225513\desktop\c++\gameengine\gameengine\x64\debug\gameengine.tlog\cl.write.1.tlog
c:\users\oijuh.kuhjb225513\desktop\c++\gameengine\gameengine\x64\debug\gameengine.tlog\lib-link.read.1.tlog
c:\users\oijuh.kuhjb225513\desktop\c++\gameengine\gameengine\x64\debug\gameengine.tlog\lib-link.write.1.tlog
c:\users\oijuh.kuhjb225513\desktop\c++\gameengine\gameengine\x64\debug\gameengine.tlog\lib.command.1.tlog
